<?xml version="1.0" encoding="UTF-8"?>
<testsuite xmlns:xsi="http://www.w3.org/2001/XMLSchema-instance" xsi:noNamespaceSchemaLocation="https://maven.apache.org/surefire/maven-surefire-plugin/xsd/surefire-test-report-3.0.xsd" version="3.0" name="com.teatroreal.controller.auth.AuthControllerTest" time="17.752" tests="1" errors="0" skipped="0" failures="0">
  <properties>
[...]
</properties>
  <testcase name="loginDevuelveToken" classname="com.teatroreal.controller.auth.AuthControllerTest" time="1.749">
    <system-out><![CDATA[15:04:20.542 [main] INFO org.springframework.test.context.support.AnnotationConfigContextLoaderUtils -- Could not detect default configuration classes for test class [com.teatroreal.controller.auth.AuthControllerTest]: AuthControllerTest does not declare any static, non-private, non-final, nested classes annotated with @Configuration.
15:04:21.021 [main] INFO org.springframework.boot.test.context.SpringBootTestContextBootstrapper -- Found @SpringBootConfiguration com.teatroreal.TeatroRealBackendApplication for test class com.teatroreal.controller.auth.AuthControllerTest
  .   ____          _            __ _ _
 /\\ / ___'_ __ _ _(_)_ __  __ _ \ \ \ \
( ( )\___ | '_ | '_| | '_ \/ _` | \ \ \ \
 \\/  ___)| |_)| | | | | || (_| |  ) ) ) )
  '  |____| .__|_| |_|_| |_\__, | / / / /
 =========|_|==============|___/=/_/_/_/

 :: Spring Boot ::                (v3.3.0)

2026-01-16T15:04:22.231+01:00  INFO 10392 --- [           main] c.t.controller.auth.AuthControllerTest   : Starting AuthControllerTest using Java 17.0.12 with PID 10392 (started by shurtadp in C:\TEATRO-REAL\teatro-real-Sandra\teatro-real-backend)
2026-01-16T15:04:22.235+01:00  INFO 10392 --- [           main] c.t.controller.auth.AuthControllerTest   : No active profile set, falling back to 1 default profile: "default"
2026-01-16T15:04:24.723+01:00  INFO 10392 --- [           main] .s.d.r.c.RepositoryConfigurationDelegate : Bootstrapping Spring Data JPA repositories in DEFAULT mode.
2026-01-16T15:04:24.978+01:00  INFO 10392 --- [           main] .s.d.r.c.RepositoryConfigurationDelegate : Finished Spring Data repository scanning in 223 ms. Found 9 JPA repository interfaces.
2026-01-16T15:04:26.681+01:00  INFO 10392 --- [           main] com.zaxxer.hikari.HikariDataSource       : HikariPool-1 - Starting...
2026-01-16T15:04:27.219+01:00  INFO 10392 --- [           main] com.zaxxer.hikari.pool.HikariPool        : HikariPool-1 - Added connection conn0: url=jdbc:h2:mem:3599d82e-a55b-41bf-a949-3aff0287d1d5 user=SA
2026-01-16T15:04:27.219+01:00  INFO 10392 --- [           main] com.zaxxer.hikari.HikariDataSource       : HikariPool-1 - Start completed.
2026-01-16T15:04:27.418+01:00  INFO 10392 --- [           main] o.hibernate.jpa.internal.util.LogHelper  : HHH000204: Processing PersistenceUnitInfo [name: default]
2026-01-16T15:04:27.657+01:00  INFO 10392 --- [           main] org.hibernate.Version                    : HHH000412: Hibernate ORM core version 6.5.2.Final
2026-01-16T15:04:27.808+01:00  INFO 10392 --- [           main] o.h.c.internal.RegionFactoryInitiator    : HHH000026: Second-level cache disabled
2026-01-16T15:04:28.830+01:00  INFO 10392 --- [           main] o.s.o.j.p.SpringPersistenceUnitInfo      : No LoadTimeWeaver setup: ignoring JPA class transformer
2026-01-16T15:04:31.560+01:00  INFO 10392 --- [           main] o.h.e.t.j.p.i.JtaPlatformInitiator       : HHH000489: No JTA platform available (set 'hibernate.transaction.jta.platform' to enable JTA platform integration)
2026-01-16T15:04:31.712+01:00  INFO 10392 --- [           main] j.LocalContainerEntityManagerFactoryBean : Initialized JPA EntityManagerFactory for persistence unit 'default'
2026-01-16T15:04:33.663+01:00  WARN 10392 --- [           main] JpaBaseConfiguration$JpaWebConfiguration : spring.jpa.open-in-view is enabled by default. Therefore, database queries may be performed during view rendering. Explicitly configure spring.jpa.open-in-view to disable this warning
2026-01-16T15:04:33.777+01:00  WARN 10392 --- [           main] .s.s.UserDetailsServiceAutoConfiguration : 

Using generated security password: de987ae4-491d-4c3c-b84c-fe0cd6f0aa3b

This generated password is for development use only. Your security configuration must be updated before running your application in production.

2026-01-16T15:04:33.866+01:00  INFO 10392 --- [           main] r$InitializeUserDetailsManagerConfigurer : Global AuthenticationManager configured with UserDetailsService bean with name inMemoryUserDetailsManager
2026-01-16T15:04:34.170+01:00  INFO 10392 --- [           main] o.s.s.web.DefaultSecurityFilterChain     : Will secure any request with [org.springframework.security.web.session.DisableEncodeUrlFilter@79fbcef4, org.springframework.security.web.context.request.async.WebAsyncManagerIntegrationFilter@770be0d0, org.springframework.security.web.context.SecurityContextHolderFilter@63f819a6, org.springframework.security.web.header.HeaderWriterFilter@2f143ea, org.springframework.web.filter.CorsFilter@3b32f0b4, org.springframework.security.web.authentication.logout.LogoutFilter@3304362e, org.springframework.security.web.savedrequest.RequestCacheAwareFilter@2e871e93, org.springframework.security.web.servletapi.SecurityContextHolderAwareRequestFilter@1e3c4c12, org.springframework.security.web.authentication.AnonymousAuthenticationFilter@6c54d0dc, org.springframework.security.web.session.SessionManagementFilter@65384249, org.springframework.security.web.access.ExceptionTranslationFilter@34c050a1, org.springframework.security.web.access.intercept.AuthorizationFilter@900ffc4]
2026-01-16T15:04:35.940+01:00  INFO 10392 --- [           main] o.s.b.t.m.w.SpringBootMockServletContext : Initializing Spring TestDispatcherServlet ''
2026-01-16T15:04:35.940+01:00  INFO 10392 --- [           main] o.s.t.web.servlet.TestDispatcherServlet  : Initializing Servlet ''
2026-01-16T15:04:35.940+01:00  INFO 10392 --- [           main] o.s.t.web.servlet.TestDispatcherServlet  : Completed initialization in 0 ms
2026-01-16T15:04:35.991+01:00  INFO 10392 --- [           main] c.t.controller.auth.AuthControllerTest   : Started AuthControllerTest in 14.58 seconds (process running for 17.77)
]]></system-out>
  </testcase>
</testsuite>