<?xml version="1.0" encoding="UTF-8"?>
<testsuite xmlns:xsi="http://www.w3.org/2001/XMLSchema-instance" xsi:noNamespaceSchemaLocation="https://maven.apache.org/surefire/maven-surefire-plugin/xsd/surefire-test-report-3.0.xsd" version="3.0" name="com.teatroreal.service.user.UsuarioServiceTest" time="3.951" tests="1" errors="0" skipped="0" failures="0">
  <properties>
[...]
</properties>
  <testcase name="testFindAll" classname="com.teatroreal.service.user.UsuarioServiceTest" time="0.569">
    <system-out><![CDATA[2026-01-16T15:04:39.076+01:00  INFO 10392 --- [           main] t.c.s.AnnotationConfigContextLoaderUtils : Could not detect default configuration classes for test class [com.teatroreal.service.user.UsuarioServiceTest]: UsuarioServiceTest does not declare any static, non-private, non-final, nested classes annotated with @Configuration.
2026-01-16T15:04:39.199+01:00  INFO 10392 --- [           main] .b.t.c.SpringBootTestContextBootstrapper : Found @SpringBootConfiguration com.teatroreal.TeatroRealBackendApplication for test class com.teatroreal.service.user.UsuarioServiceTest
  .   ____          _            __ _ _
 /\\ / ___'_ __ _ _(_)_ __  __ _ \ \ \ \
( ( )\___ | '_ | '_| | '_ \/ _` | \ \ \ \
 \\/  ___)| |_)| | | | | || (_| |  ) ) ) )
  '  |____| .__|_| |_|_| |_\__, | / / / /
 =========|_|==============|___/=/_/_/_/

 :: Spring Boot ::                (v3.3.0)

2026-01-16T15:04:39.373+01:00  INFO 10392 --- [           main] c.t.service.user.UsuarioServiceTest      : Starting UsuarioServiceTest using Java 17.0.12 with PID 10392 (started by shurtadp in C:\TEATRO-REAL\teatro-real-Sandra\teatro-real-backend)
2026-01-16T15:04:39.375+01:00  INFO 10392 --- [           main] c.t.service.user.UsuarioServiceTest      : No active profile set, falling back to 1 default profile: "default"
2026-01-16T15:04:40.470+01:00  INFO 10392 --- [           main] .s.d.r.c.RepositoryConfigurationDelegate : Bootstrapping Spring Data JPA repositories in DEFAULT mode.
2026-01-16T15:04:40.578+01:00  INFO 10392 --- [           main] .s.d.r.c.RepositoryConfigurationDelegate : Finished Spring Data repository scanning in 107 ms. Found 9 JPA repository interfaces.
2026-01-16T15:04:40.906+01:00  INFO 10392 --- [           main] com.zaxxer.hikari.HikariDataSource       : HikariPool-2 - Starting...
2026-01-16T15:04:40.924+01:00  INFO 10392 --- [           main] com.zaxxer.hikari.pool.HikariPool        : HikariPool-2 - Added connection conn10: url=jdbc:h2:mem:e5181001-2c3b-4bb6-8342-c91d4b9157a3 user=SA
2026-01-16T15:04:40.925+01:00  INFO 10392 --- [           main] com.zaxxer.hikari.HikariDataSource       : HikariPool-2 - Start completed.
2026-01-16T15:04:40.928+01:00  INFO 10392 --- [           main] o.hibernate.jpa.internal.util.LogHelper  : HHH000204: Processing PersistenceUnitInfo [name: default]
2026-01-16T15:04:40.937+01:00  INFO 10392 --- [           main] o.h.c.internal.RegionFactoryInitiator    : HHH000026: Second-level cache disabled
2026-01-16T15:04:40.997+01:00  INFO 10392 --- [           main] o.s.o.j.p.SpringPersistenceUnitInfo      : No LoadTimeWeaver setup: ignoring JPA class transformer
2026-01-16T15:04:41.369+01:00  INFO 10392 --- [           main] o.h.e.t.j.p.i.JtaPlatformInitiator       : HHH000489: No JTA platform available (set 'hibernate.transaction.jta.platform' to enable JTA platform integration)
2026-01-16T15:04:41.426+01:00  INFO 10392 --- [           main] j.LocalContainerEntityManagerFactoryBean : Initialized JPA EntityManagerFactory for persistence unit 'default'
2026-01-16T15:04:41.761+01:00  WARN 10392 --- [           main] JpaBaseConfiguration$JpaWebConfiguration : spring.jpa.open-in-view is enabled by default. Therefore, database queries may be performed during view rendering. Explicitly configure spring.jpa.open-in-view to disable this warning
2026-01-16T15:04:41.789+01:00  WARN 10392 --- [           main] .s.s.UserDetailsServiceAutoConfiguration : 

Using generated security password: cc21c687-a565-44db-b70b-fa021cb2a6b1

This generated password is for development use only. Your security configuration must be updated before running your application in production.

2026-01-16T15:04:41.791+01:00  INFO 10392 --- [           main] r$InitializeUserDetailsManagerConfigurer : Global AuthenticationManager configured with UserDetailsService bean with name inMemoryUserDetailsManager
2026-01-16T15:04:41.804+01:00  INFO 10392 --- [           main] o.s.s.web.DefaultSecurityFilterChain     : Will secure any request with [org.springframework.security.web.session.DisableEncodeUrlFilter@2b3ba0a8, org.springframework.security.web.context.request.async.WebAsyncManagerIntegrationFilter@43ec41d7, org.springframework.security.web.context.SecurityContextHolderFilter@3adb46b5, org.springframework.security.web.header.HeaderWriterFilter@10d1f6da, org.springframework.web.filter.CorsFilter@62a153d3, org.springframework.security.web.authentication.logout.LogoutFilter@66121af9, org.springframework.security.web.savedrequest.RequestCacheAwareFilter@1923a29a, org.springframework.security.web.servletapi.SecurityContextHolderAwareRequestFilter@6dbf042, org.springframework.security.web.authentication.AnonymousAuthenticationFilter@77480751, org.springframework.security.web.session.SessionManagementFilter@6ced9545, org.springframework.security.web.access.ExceptionTranslationFilter@4d9dd8cc, org.springframework.security.web.access.intercept.AuthorizationFilter@5d08bc22]
2026-01-16T15:04:42.421+01:00  INFO 10392 --- [           main] c.t.service.user.UsuarioServiceTest      : Started UsuarioServiceTest in 3.205 seconds (process running for 24.204)
]]></system-out>
  </testcase>
</testsuite>